[2026-03-14 01:58:22] ═══ BACKUP START: 2026-03-14 ═══
[2026-03-14 01:58:57]   OK: trading_bot.db (73M)
[2026-03-14 01:59:06]   OK: models/ (4 files)
[2026-03-14 01:59:11]   OK: fo_key_map.json (808K)
[2026-03-14 01:59:11]   SKIP: /home/sandy/VELTRIX/data/circuit_breaker_state.json (not found)
[2026-03-14 01:59:33]   OK: .env.plus (4.0K)
[2026-03-14 01:59:40]   OK: strategies.yaml (8.0K)
[2026-03-14 01:59:40] Pruning backups older than 30 days...
[2026-03-14 01:59:41] ═══ BACKUP COMPLETE: 2026-03-14 (0 errors) ═══
[2026-03-16 10:15:01] ═══ BACKUP START: 2026-03-16 ═══
[2026-03-16 10:15:01] ═══ BACKUP START: 2026-03-16 ═══
[2026-03-16 10:15:31]   OK: trading_bot.db (74M)
[2026-03-16 10:15:31]   OK: trading_bot.db (74M)
[2026-03-16 10:15:40]   OK: models/ (4 files)
[2026-03-16 10:15:40]   OK: models/ (4 files)
[2026-03-16 10:15:46]   OK: fo_key_map.json (808K)
[2026-03-16 10:15:46]   OK: fo_key_map.json (808K)
[2026-03-16 10:15:46]   SKIP: /home/sandy/VELTRIX/data/circuit_breaker_state.json (not found)
[2026-03-16 10:15:46]   SKIP: /home/sandy/VELTRIX/data/circuit_breaker_state.json (not found)
[2026-03-16 10:15:51]   OK: .env.plus (4.0K)
[2026-03-16 10:15:51]   OK: .env.plus (4.0K)
[2026-03-16 10:15:55]   OK: strategies.yaml (8.0K)
[2026-03-16 10:15:55]   OK: strategies.yaml (8.0K)
[2026-03-16 10:15:55] Pruning backups older than 30 days...
[2026-03-16 10:15:55] Pruning backups older than 30 days...
[2026-03-16 10:15:57] ═══ BACKUP COMPLETE: 2026-03-16 (0 errors) ═══
[2026-03-16 10:15:57] ═══ BACKUP COMPLETE: 2026-03-16 (0 errors) ═══
[2026-03-16 15:10:08] ═══ BACKUP START: 2026-03-16 ═══
[2026-03-16 15:10:11]   OK: trading_bot.db (74M)
[2026-03-16 15:10:15]   OK: models/ (4 files)
[2026-03-16 15:10:49]   OK: fo_key_map.json (808K)
[2026-03-16 15:10:54]   OK: circuit_breaker_state.json (4.0K)
[2026-03-16 15:10:58]   OK: .env.plus (4.0K)
[2026-03-16 15:11:01]   OK: strategies.yaml (8.0K)
[2026-03-16 15:11:01] Pruning backups older than 30 days...
[2026-03-16 15:11:03] ═══ BACKUP COMPLETE: 2026-03-16 (0 errors) ═══
[2026-03-17 00:05:14] ═══ BACKUP START: 2026-03-17 ═══
[2026-03-17 00:17:36] ═══ BACKUP START: 2026-03-17 ═══
<3>ERROR : trading_bot.db: Failed to copy: Post "https://www.googleapis.com/upload/drive/v3/files?alt=json&fields=id%2Cname%2Csize%2Cmd5Checksum%2Ctrashed%2CexplicitlyTrashed%2CmodifiedTime%2CcreatedTime%2CmimeType%2Cparents%2CwebViewLink%2CshortcutDetails%2CexportLinks%2CresourceKey&supportsAllDrives=true&uploadType=resumable&upload_id=AGQBYWynOgaRrgcdpRcwWq8tlqO8XDMABqBo4xcJIh-AhoHoBfqSv1WIWx603wFFHUGQfr0IrA0yYFPQZQKnhulL7XeknT5Jw_gIIpXf3LtPfw&session_crd=AHSoBRWglYtmMZyd2X1mBnU5-yrh18OvRvM2ny8BJzX_pbZsMusSniN53LvG2rzf2rXdvc_PyxgzqFYp6hI": can't copy - source file is being updated (size changed from 76697600 to 76701696)
<3>ERROR : Attempt 1/3 failed with 1 errors and: Post "https://www.googleapis.com/upload/drive/v3/files?alt=json&fields=id%2Cname%2Csize%2Cmd5Checksum%2Ctrashed%2CexplicitlyTrashed%2CmodifiedTime%2CcreatedTime%2CmimeType%2Cparents%2CwebViewLink%2CshortcutDetails%2CexportLinks%2CresourceKey&supportsAllDrives=true&uploadType=resumable&upload_id=AGQBYWynOgaRrgcdpRcwWq8tlqO8XDMABqBo4xcJIh-AhoHoBfqSv1WIWx603wFFHUGQfr0IrA0yYFPQZQKnhulL7XeknT5Jw_gIIpXf3LtPfw&session_crd=AHSoBRWglYtmMZyd2X1mBnU5-yrh18OvRvM2ny8BJzX_pbZsMusSniN53LvG2rzf2rXdvc_PyxgzqFYp6hI": can't copy - source file is being updated (size changed from 76697600 to 76701696)
<3>ERROR : Attempt 2/3 succeeded
[2026-03-17 00:18:08]   OK: trading_bot.db (74M)
[2026-03-17 00:19:31] ═══ BACKUP START: 2026-03-17 ═══
<3>ERROR : trading_bot.db: Failed to copy: Post "https://www.googleapis.com/upload/drive/v3/files/1quKI4XbupACZNUi9UZnix1mx__YOhrjX?alt=json&fields=id%2Cname%2Csize%2Cmd5Checksum%2Ctrashed%2CexplicitlyTrashed%2CmodifiedTime%2CcreatedTime%2CmimeType%2Cparents%2CwebViewLink%2CshortcutDetails%2CexportLinks%2CresourceKey&setModifiedDate=true&supportsAllDrives=true&uploadType=resumable&upload_id=AGQBYWxkrkSqq_erkYXQfwWPw1apdLZ7qmaR38GRMryqw9gbvvA9zi2DrYX2JjfaGpODkkly3mnpSaOypBa-x0mhpN7sOtVBOTxuIjN93rrE7Q&session_crd=AHSoBRXxH1f-p6zrNvjT6huXHBDPSBmfj4JXNiD2U_rEqsZ3k3rcG_w3K7it8jZAG51L_LmUoSsGFzGjHog": can't copy - source file is being updated (mod time changed from 2026-03-17 00:19:21.927704235 +0530 IST to 2026-03-17 00:19:34.845551448 +0530 IST)
<3>ERROR : Attempt 1/3 failed with 1 errors and: Post "https://www.googleapis.com/upload/drive/v3/files/1quKI4XbupACZNUi9UZnix1mx__YOhrjX?alt=json&fields=id%2Cname%2Csize%2Cmd5Checksum%2Ctrashed%2CexplicitlyTrashed%2CmodifiedTime%2CcreatedTime%2CmimeType%2Cparents%2CwebViewLink%2CshortcutDetails%2CexportLinks%2CresourceKey&setModifiedDate=true&supportsAllDrives=true&uploadType=resumable&upload_id=AGQBYWxkrkSqq_erkYXQfwWPw1apdLZ7qmaR38GRMryqw9gbvvA9zi2DrYX2JjfaGpODkkly3mnpSaOypBa-x0mhpN7sOtVBOTxuIjN93rrE7Q&session_crd=AHSoBRXxH1f-p6zrNvjT6huXHBDPSBmfj4JXNiD2U_rEqsZ3k3rcG_w3K7it8jZAG51L_LmUoSsGFzGjHog": can't copy - source file is being updated (mod time changed from 2026-03-17 00:19:21.927704235 +0530 IST to 2026-03-17 00:19:34.845551448 +0530 IST)
<3>ERROR : Attempt 2/3 succeeded
[2026-03-17 00:20:06]   OK: trading_bot.db (74M)
[2026-03-17 00:20:09] ═══ BACKUP START: 2026-03-17 ═══
[2026-03-17 00:20:12]   OK: trading_bot.db (74M)
[2026-03-17 00:21:00]   OK: models/ (4 files)
[2026-03-17 00:21:29] ═══ BACKUP START: 2026-03-17 ═══
[2026-03-17 00:21:58]   OK: trading_bot.db (74M)
[2026-03-17 00:22:02]   OK: models/ (4 files)
[2026-03-17 00:22:07]   OK: fo_key_map.json (808K)
[2026-03-17 00:22:07]   SKIP: /home/sandy/VELTRIX/data/circuit_breaker_state.json (not found)
[2026-03-17 10:15:01] ═══ BACKUP START: 2026-03-17 ═══
[2026-03-17 10:15:01] ═══ BACKUP START: 2026-03-17 ═══
[2026-03-17 10:17:50]   OK: trading_bot.db (74M)
[2026-03-17 10:17:50]   OK: trading_bot.db (74M)
[2026-03-17 10:17:58]   OK: models/ (4 files)
[2026-03-17 10:17:58]   OK: models/ (4 files)
[2026-03-17 10:18:01]   OK: fo_key_map.json (808K)
[2026-03-17 10:18:01]   OK: fo_key_map.json (808K)
[2026-03-17 10:18:01]   SKIP: /home/sandy/VELTRIX/data/circuit_breaker_state.json (not found)
[2026-03-17 10:18:01]   SKIP: /home/sandy/VELTRIX/data/circuit_breaker_state.json (not found)
[2026-03-17 10:18:11]   OK: .env.plus (4.0K)
[2026-03-17 10:18:11]   OK: .env.plus (4.0K)
[2026-03-17 10:18:35]   OK: strategies.yaml (8.0K)
[2026-03-17 10:18:35]   OK: strategies.yaml (8.0K)
[2026-03-17 10:18:35] Pruning backups older than 30 days...
[2026-03-17 10:18:35] Pruning backups older than 30 days...
[2026-03-17 10:18:39] ═══ BACKUP COMPLETE: 2026-03-17 (0 errors) ═══
[2026-03-17 10:18:39] ═══ BACKUP COMPLETE: 2026-03-17 (0 errors) ═══
[2026-03-17 15:12:10] ═══ BACKUP START: 2026-03-17 ═══
[2026-03-17 20:30:14] ═══ BACKUP START: 2026-03-17 ═══
[2026-03-17 20:31:34]   OK: trading_bot.db (74M)
[2026-03-17 20:31:38]   OK: models/ (4 files)
[2026-03-17 20:31:41]   OK: fo_key_map.json (808K)
[2026-03-17 20:31:41]   SKIP: /home/sandy/VELTRIX/data/circuit_breaker_state.json (not found)
[2026-03-17 20:31:47]   OK: .env.plus (4.0K)
[2026-03-17 20:31:50]   OK: strategies.yaml (8.0K)
[2026-03-17 20:31:50] Pruning backups older than 30 days...
[2026-03-17 20:31:52] ═══ BACKUP COMPLETE: 2026-03-17 (0 errors) ═══
[2026-03-17 22:17:59] ═══ BACKUP START: 2026-03-17 ═══
[2026-03-17 22:18:37]   OK: trading_bot.db (75M)
[2026-03-17 22:18:40]   OK: models/ (4 files)
[2026-03-17 22:18:42]   OK: fo_key_map.json (808K)
[2026-03-17 22:18:47]   OK: circuit_breaker_state.json (4.0K)
[2026-03-17 22:18:50]   OK: .env.plus (4.0K)
[2026-03-17 22:18:52]   OK: strategies.yaml (8.0K)
[2026-03-17 22:18:52] Pruning backups older than 30 days...
[2026-03-17 22:18:55] ═══ BACKUP COMPLETE: 2026-03-17 (0 errors) ═══
[2026-03-18 01:23:37] ═══ BACKUP START: 2026-03-18 ═══
[2026-03-18 01:24:13]   OK: trading_bot.db (75M)
[2026-03-18 01:25:01]   OK: models/ (4 files)
[2026-03-18 01:25:09]   OK: fo_key_map.json (808K)
[2026-03-18 01:25:36]   OK: circuit_breaker_state.json (4.0K)
[2026-03-18 01:25:41]   OK: .env.plus (4.0K)
[2026-03-18 01:25:47]   OK: strategies.yaml (8.0K)
[2026-03-18 01:25:47] Pruning backups older than 30 days...
[2026-03-18 01:25:49] ═══ BACKUP COMPLETE: 2026-03-18 (0 errors) ═══
[2026-03-18 03:02:57] ═══ BACKUP START: 2026-03-18 ═══
[2026-03-18 03:05:47]   OK: trading_bot.db (75M)
[2026-03-18 03:05:51]   OK: models/ (4 files)
[2026-03-18 03:05:54]   OK: fo_key_map.json (808K)
[2026-03-18 03:05:58]   OK: circuit_breaker_state.json (4.0K)
[2026-03-18 03:06:03]   OK: .env.plus (4.0K)
[2026-03-18 03:06:05]   OK: strategies.yaml (8.0K)
[2026-03-18 03:06:36]   OK: logs/bot_2026-03-18.log (736K)
[2026-03-18 03:06:36] Pruning backups older than 30 days...
[2026-03-18 03:06:38] ═══ BACKUP COMPLETE: 2026-03-18 (0 errors) ═══
[2026-03-18 03:24:30] ═══ BACKUP START: 2026-03-18 ═══
[2026-03-18 03:25:02]   OK: trading_bot.db (75M)
[2026-03-18 03:25:05]   OK: models/ (4 files)
[2026-03-18 03:25:08]   OK: fo_key_map.json (808K)
[2026-03-18 03:25:13]   OK: circuit_breaker_state.json (4.0K)
[2026-03-18 03:25:49]   OK: .env.plus (4.0K)
[2026-03-18 03:25:52]   OK: strategies.yaml (8.0K)
[2026-03-18 03:25:55]   OK: logs/bot_2026-03-18.log (736K)
[2026-03-18 03:25:55] Pruning backups older than 30 days...
[2026-03-18 03:25:58] ═══ BACKUP COMPLETE: 2026-03-18 (0 errors) ═══
[2026-03-18 03:29:41] ═══ BACKUP START: 2026-03-18 ═══
[2026-03-18 03:30:06]   OK: trading_bot.db (75M)
[2026-03-18 03:30:10]   OK: models/ (4 files)
[2026-03-18 03:30:46]   OK: fo_key_map.json (808K)
[2026-03-18 03:30:46]   SKIP: /home/sandy/VELTRIX/data/circuit_breaker_state.json (not found)
[2026-03-18 03:30:49]   OK: .env.plus (4.0K)
[2026-03-18 03:30:52]   OK: strategies.yaml (8.0K)
[2026-03-18 03:30:56]   OK: logs/bot_2026-03-18.log (736K)
[2026-03-18 03:30:56] Pruning backups older than 30 days...
[2026-03-18 03:30:58] ═══ BACKUP COMPLETE: 2026-03-18 (0 errors) ═══
[2026-03-18 10:15:01] ═══ BACKUP START: 2026-03-18 ═══
[2026-03-18 10:15:01] ═══ BACKUP START: 2026-03-18 ═══
[2026-03-18 10:15:49]   OK: trading_bot.db (75M)
[2026-03-18 10:15:49]   OK: trading_bot.db (75M)
[2026-03-18 10:15:52]   OK: models/ (4 files)
[2026-03-18 10:15:52]   OK: models/ (4 files)
[2026-03-18 10:15:55]   OK: fo_key_map.json (808K)
[2026-03-18 10:15:55]   OK: fo_key_map.json (808K)
[2026-03-18 10:15:59]   OK: circuit_breaker_state.json (4.0K)
[2026-03-18 10:15:59]   OK: circuit_breaker_state.json (4.0K)
[2026-03-18 10:16:01]   OK: .env.plus (4.0K)
[2026-03-18 10:16:01]   OK: .env.plus (4.0K)
[2026-03-18 10:16:04]   OK: strategies.yaml (8.0K)
[2026-03-18 10:16:04]   OK: strategies.yaml (8.0K)
[2026-03-18 10:16:08]   OK: logs/bot_2026-03-18.log (736K)
[2026-03-18 10:16:08]   OK: logs/bot_2026-03-18.log (736K)
[2026-03-18 10:16:08] Pruning backups older than 30 days...
[2026-03-18 10:16:08] Pruning backups older than 30 days...
[2026-03-18 10:16:10] ═══ BACKUP COMPLETE: 2026-03-18 (0 errors) ═══
[2026-03-18 10:16:10] ═══ BACKUP COMPLETE: 2026-03-18 (0 errors) ═══
[2026-03-18 15:10:30] ═══ BACKUP START: 2026-03-18 ═══
[2026-03-18 15:10:33]   OK: trading_bot.db (75M)
[2026-03-18 15:10:36]   OK: models/ (4 files)
[2026-03-18 15:10:39]   OK: fo_key_map.json (808K)
[2026-03-18 15:10:44]   OK: circuit_breaker_state.json (4.0K)
[2026-03-18 15:10:47]   OK: .env.plus (4.0K)
[2026-03-18 15:10:50]   OK: strategies.yaml (8.0K)
[2026-03-18 15:10:53]   OK: logs/bot_2026-03-18.log (736K)
[2026-03-18 15:10:53] Pruning backups older than 30 days...
[2026-03-18 15:10:55] ═══ BACKUP COMPLETE: 2026-03-18 (0 errors) ═══
[2026-03-18 22:33:19] ═══ BACKUP START: 2026-03-18 ═══
[2026-03-18 22:36:43]   OK: trading_bot.db (75M)
[2026-03-18 22:36:46]   OK: models/ (4 files)
[2026-03-18 22:36:49]   OK: fo_key_map.json (808K)
[2026-03-18 22:36:49]   SKIP: /home/sandy/VELTRIX/data/circuit_breaker_state.json (not found)
[2026-03-18 22:36:55]   OK: .env.plus (4.0K)
[2026-03-18 22:36:58]   OK: strategies.yaml (8.0K)
[2026-03-18 22:37:02]   OK: logs/bot_2026-03-18.log (736K)
[2026-03-18 22:37:02] Pruning backups older than 30 days...
[2026-03-18 22:37:04] ═══ BACKUP COMPLETE: 2026-03-18 (0 errors) ═══
[2026-03-19 00:41:11] ═══ BACKUP START: 2026-03-19 ═══
[2026-03-19 00:44:35]   OK: trading_bot.db (76M)
[2026-03-19 00:44:46]   OK: models/ (4 files)
[2026-03-19 00:44:52]   OK: fo_key_map.json (808K)
[2026-03-19 00:44:57]   OK: circuit_breaker_state.json (4.0K)
[2026-03-19 00:45:02]   OK: .env.plus (4.0K)
[2026-03-19 00:45:08]   OK: strategies.yaml (8.0K)
[2026-03-19 00:45:08] Pruning backups older than 30 days...
[2026-03-19 00:45:11] ═══ BACKUP COMPLETE: 2026-03-19 (0 errors) ═══
[2026-03-19 01:10:42] ═══ BACKUP START: 2026-03-19 ═══
[2026-03-19 01:14:10]   OK: trading_bot.db (76M)
[2026-03-19 01:14:14]   OK: models/ (4 files)
[2026-03-19 01:14:50]   OK: fo_key_map.json (808K)
[2026-03-19 01:14:54]   OK: circuit_breaker_state.json (4.0K)
[2026-03-19 01:14:59]   OK: .env.plus (4.0K)
[2026-03-19 01:15:01]   OK: strategies.yaml (8.0K)
[2026-03-19 01:15:01] Pruning backups older than 30 days...
[2026-03-19 01:15:04] ═══ BACKUP COMPLETE: 2026-03-19 (0 errors) ═══
[2026-03-19 01:42:41] ═══ BACKUP START: 2026-03-19 ═══
[2026-03-19 01:45:31]   OK: trading_bot.db (76M)
[2026-03-19 01:45:35]   OK: models/ (4 files)
[2026-03-19 01:45:38]   OK: fo_key_map.json (808K)
[2026-03-19 01:45:42]   OK: circuit_breaker_state.json (4.0K)
[2026-03-19 01:45:45]   OK: .env.plus (4.0K)
[2026-03-19 01:45:48]   OK: strategies.yaml (8.0K)
[2026-03-19 01:45:48] Pruning backups older than 30 days...
[2026-03-19 01:45:51] ═══ BACKUP COMPLETE: 2026-03-19 (0 errors) ═══
[2026-03-19 10:15:01] ═══ BACKUP START: 2026-03-19 ═══
[2026-03-19 10:15:01] ═══ BACKUP START: 2026-03-19 ═══
[2026-03-19 10:15:53]   OK: trading_bot.db (76M)
[2026-03-19 10:15:53]   OK: trading_bot.db (76M)
[2026-03-19 10:15:57]   OK: models/ (4 files)
[2026-03-19 10:15:57]   OK: models/ (4 files)
[2026-03-19 10:16:01]   OK: fo_key_map.json (808K)
[2026-03-19 10:16:01]   OK: fo_key_map.json (808K)
[2026-03-19 10:16:05]   OK: circuit_breaker_state.json (4.0K)
[2026-03-19 10:16:05]   OK: circuit_breaker_state.json (4.0K)
[2026-03-19 10:16:08]   OK: .env.plus (4.0K)
[2026-03-19 10:16:08]   OK: .env.plus (4.0K)
[2026-03-19 10:16:11]   OK: strategies.yaml (8.0K)
[2026-03-19 10:16:11]   OK: strategies.yaml (8.0K)
[2026-03-19 10:16:11] Pruning backups older than 30 days...
[2026-03-19 10:16:11] Pruning backups older than 30 days...
[2026-03-19 10:16:15] ═══ BACKUP COMPLETE: 2026-03-19 (0 errors) ═══
[2026-03-19 10:16:15] ═══ BACKUP COMPLETE: 2026-03-19 (0 errors) ═══
[2026-03-19 15:10:16] ═══ BACKUP START: 2026-03-19 ═══
[2026-03-19 15:10:37]   OK: trading_bot.db (76M)
[2026-03-19 15:10:41]   OK: models/ (4 files)
[2026-03-19 15:10:44]   OK: fo_key_map.json (808K)
[2026-03-19 15:10:46]   OK: circuit_breaker_state.json (4.0K)
[2026-03-19 15:10:49]   OK: .env.plus (4.0K)
[2026-03-19 15:10:52]   OK: strategies.yaml (8.0K)
[2026-03-19 15:10:52] Pruning backups older than 30 days...
[2026-03-19 15:10:54] ═══ BACKUP COMPLETE: 2026-03-19 (0 errors) ═══
[2026-03-19 20:27:44] ═══ BACKUP START: 2026-03-19 ═══
[2026-03-19 20:28:32]   OK: trading_bot.db (76M)
[2026-03-19 20:28:36]   OK: models/ (4 files)
[2026-03-19 20:28:40]   OK: fo_key_map.json (808K)
[2026-03-19 20:28:45]   OK: circuit_breaker_state.json (4.0K)
[2026-03-19 20:28:51]   OK: .env.plus (4.0K)
[2026-03-19 20:28:55]   OK: strategies.yaml (8.0K)
[2026-03-19 20:28:55] Pruning backups older than 30 days...
[2026-03-19 20:28:58] ═══ BACKUP COMPLETE: 2026-03-19 (0 errors) ═══
[2026-03-19 21:58:21] ═══ BACKUP START: 2026-03-19 ═══
[2026-03-19 21:59:02]   OK: trading_bot.db (76M)
[2026-03-19 21:59:06]   OK: models/ (4 files)
[2026-03-19 21:59:10]   OK: fo_key_map.json (808K)
[2026-03-19 21:59:33]   OK: circuit_breaker_state.json (4.0K)
[2026-03-19 21:59:40]   OK: .env.plus (4.0K)
[2026-03-19 21:59:44]   OK: strategies.yaml (8.0K)
[2026-03-19 21:59:44] Pruning backups older than 30 days...
[2026-03-19 21:59:47] ═══ BACKUP COMPLETE: 2026-03-19 (0 errors) ═══
[2026-03-20 00:10:21] ═══ BACKUP START: 2026-03-20 ═══
[2026-03-20 00:14:14]   OK: trading_bot.db (76M)
[2026-03-20 00:14:42]   OK: models/ (4 files)
[2026-03-20 00:14:48]   OK: fo_key_map.json (808K)
[2026-03-20 00:14:53]   OK: circuit_breaker_state.json (4.0K)
[2026-03-20 00:14:59]   OK: .env.plus (4.0K)
[2026-03-20 00:15:05]   OK: strategies.yaml (8.0K)
[2026-03-20 00:15:05] Pruning backups older than 30 days...
[2026-03-20 00:15:09] ═══ BACKUP COMPLETE: 2026-03-20 (0 errors) ═══
[2026-03-20 09:01:38] ═══ BACKUP START: 2026-03-20 ═══
[2026-03-20 09:02:12]   OK: trading_bot.db (76M)
[2026-03-20 09:02:32]   OK: models/ (4 files)
[2026-03-20 09:02:34]   OK: fo_key_map.json (808K)
[2026-03-20 09:02:38]   OK: circuit_breaker_state.json (4.0K)
[2026-03-20 09:02:41]   OK: .env.plus (4.0K)
[2026-03-20 09:02:45]   OK: strategies.yaml (8.0K)
[2026-03-20 09:02:45] Pruning backups older than 30 days...
[2026-03-20 09:02:51] ═══ BACKUP COMPLETE: 2026-03-20 (0 errors) ═══
[2026-03-20 10:15:01] ═══ BACKUP START: 2026-03-20 ═══
[2026-03-20 10:15:01] ═══ BACKUP START: 2026-03-20 ═══
[2026-03-20 10:16:03]   OK: trading_bot.db (76M)
[2026-03-20 10:16:03]   OK: trading_bot.db (76M)
[2026-03-20 10:16:07]   OK: models/ (4 files)
[2026-03-20 10:16:07]   OK: models/ (4 files)
[2026-03-20 10:16:09]   OK: fo_key_map.json (808K)
[2026-03-20 10:16:09]   OK: fo_key_map.json (808K)
[2026-03-20 10:16:13]   OK: circuit_breaker_state.json (4.0K)
[2026-03-20 10:16:13]   OK: circuit_breaker_state.json (4.0K)
[2026-03-20 10:16:50]   OK: .env.plus (4.0K)
[2026-03-20 10:16:50]   OK: .env.plus (4.0K)
[2026-03-20 10:16:54]   OK: strategies.yaml (8.0K)
[2026-03-20 10:16:54]   OK: strategies.yaml (8.0K)
[2026-03-20 10:16:54] Pruning backups older than 30 days...
[2026-03-20 10:16:54] Pruning backups older than 30 days...
[2026-03-20 10:16:56] ═══ BACKUP COMPLETE: 2026-03-20 (0 errors) ═══
[2026-03-20 10:16:56] ═══ BACKUP COMPLETE: 2026-03-20 (0 errors) ═══
[2026-03-20 15:10:45] ═══ BACKUP START: 2026-03-20 ═══
[2026-03-20 15:33:10] ═══ BACKUP START: 2026-03-20 ═══
[2026-03-20 15:34:07]   OK: trading_bot.db (76M)
[2026-03-20 15:34:10]   OK: models/ (4 files)
[2026-03-20 15:34:33]   OK: fo_key_map.json (808K)
[2026-03-20 15:34:37]   OK: circuit_breaker_state.json (4.0K)
[2026-03-20 15:34:39]   OK: .env.plus (4.0K)
[2026-03-20 15:34:42]   OK: strategies.yaml (8.0K)
[2026-03-20 15:34:42] Pruning backups older than 30 days...
[2026-03-20 15:34:44] ═══ BACKUP COMPLETE: 2026-03-20 (0 errors) ═══
[2026-03-20 17:16:14] ═══ BACKUP START: 2026-03-20 ═══
[2026-03-20 17:16:57]   OK: trading_bot.db (76M)
[2026-03-20 17:17:00]   OK: models/ (4 files)
[2026-03-20 17:17:03]   OK: fo_key_map.json (808K)
[2026-03-20 17:17:06]   OK: circuit_breaker_state.json (4.0K)
[2026-03-20 17:17:11]   OK: .env.plus (8.0K)
[2026-03-20 17:17:13]   OK: strategies.yaml (8.0K)
[2026-03-20 17:17:13] Pruning backups older than 30 days...
[2026-03-20 17:17:49] ═══ BACKUP COMPLETE: 2026-03-20 (0 errors) ═══
[2026-03-20 23:42:23] ═══ BACKUP START: 2026-03-20 ═══
[2026-03-20 23:42:46]   OK: trading_bot.db (76M)
[2026-03-20 23:42:50]   OK: models/ (4 files)
[2026-03-20 23:42:52]   OK: fo_key_map.json (808K)
[2026-03-20 23:42:56]   OK: circuit_breaker_state.json (4.0K)
[2026-03-20 23:43:01]   OK: .env.plus (8.0K)
[2026-03-20 23:43:03]   OK: strategies.yaml (8.0K)
[2026-03-20 23:43:03] Pruning backups older than 30 days...
[2026-03-20 23:43:05] ═══ BACKUP COMPLETE: 2026-03-20 (0 errors) ═══
[2026-03-21 19:29:13] ═══ BACKUP START: 2026-03-21 ═══
[2026-03-21 19:32:30]   OK: trading_bot.db (76M)
[2026-03-21 19:32:39]   OK: models/ (4 files)
[2026-03-21 19:32:43]   OK: fo_key_map.json (808K)
[2026-03-21 19:32:48]   OK: circuit_breaker_state.json (4.0K)
[2026-03-21 19:32:53]   OK: .env.plus (8.0K)
[2026-03-21 19:32:58]   OK: strategies.yaml (8.0K)
[2026-03-21 19:32:58] Pruning backups older than 30 days...
[2026-03-21 19:33:00] ═══ BACKUP COMPLETE: 2026-03-21 (0 errors) ═══
[2026-03-21 23:12:46] ═══ BACKUP START: 2026-03-21 ═══
[2026-03-21 23:13:08]   OK: trading_bot.db (76M)
[2026-03-21 23:13:11]   OK: models/ (4 files)
[2026-03-21 23:13:13]   OK: fo_key_map.json (808K)
[2026-03-21 23:13:29]   OK: circuit_breaker_state.json (4.0K)
[2026-03-21 23:13:34]   OK: .env.plus (8.0K)
[2026-03-21 23:13:36]   OK: strategies.yaml (8.0K)
[2026-03-21 23:13:36] Pruning backups older than 30 days...
[2026-03-21 23:13:38] ═══ BACKUP COMPLETE: 2026-03-21 (0 errors) ═══
